81540:C 16 Aug 2023 18:06:08.893 # oO0OoO0OoO0Oo Redis is starting oO0OoO0OoO0Oo
81540:C 16 Aug 2023 18:06:08.893 # Redis version=7.0.12, bits=64, commit=00000000, modified=0, pid=81540, just started
81540:C 16 Aug 2023 18:06:08.893 # Configuration loaded
81540:M 16 Aug 2023 18:06:08.895 * Increased maximum number of open files to 10032 (it was originally set to 256).
81540:M 16 Aug 2023 18:06:08.895 * monotonic clock: POSIX clock_gettime
81540:M 16 Aug 2023 18:06:08.896 * Running mode=standalone, port=6381.
81540:M 16 Aug 2023 18:06:08.896 # WARNING: The TCP backlog setting of 511 cannot be enforced because kern.ipc.somaxconn is set to the lower value of 128.
81540:M 16 Aug 2023 18:06:08.896 # Server initialized
81540:M 16 Aug 2023 18:06:08.896 * Ready to accept connections
18792:C 17 Aug 2023 10:27:19.024 # oO0OoO0OoO0Oo Redis is starting oO0OoO0OoO0Oo
18792:C 17 Aug 2023 10:27:19.025 # Redis version=7.0.12, bits=64, commit=00000000, modified=0, pid=18792, just started
18792:C 17 Aug 2023 10:27:19.025 # Configuration loaded
18792:M 17 Aug 2023 10:27:19.026 * Increased maximum number of open files to 10032 (it was originally set to 256).
18792:M 17 Aug 2023 10:27:19.026 * monotonic clock: POSIX clock_gettime
18792:M 17 Aug 2023 10:27:19.027 # Warning: Could not create server TCP listening socket 127.0.0.1:6381: bind: Address already in use
18792:M 17 Aug 2023 10:27:19.027 # Failed listening on port 6381 (TCP), aborting.
81540:signal-handler (1692239489) Received SIGTERM scheduling shutdown...
81540:M 17 Aug 2023 10:31:29.173 # User requested shutdown...
81540:M 17 Aug 2023 10:31:29.174 * Saving the final RDB snapshot before exiting.
81540:M 17 Aug 2023 10:31:29.198 * DB saved on disk
81540:M 17 Aug 2023 10:31:29.199 * Removing the pid file.
81540:M 17 Aug 2023 10:31:29.201 # Redis is now ready to exit, bye bye...
26290:C 17 Aug 2023 10:38:49.131 # oO0OoO0OoO0Oo Redis is starting oO0OoO0OoO0Oo
26290:C 17 Aug 2023 10:38:49.132 # Redis version=7.0.12, bits=64, commit=00000000, modified=0, pid=26290, just started
26290:C 17 Aug 2023 10:38:49.132 # Configuration loaded
26290:M 17 Aug 2023 10:38:49.133 * Increased maximum number of open files to 10032 (it was originally set to 256).
26290:M 17 Aug 2023 10:38:49.134 * monotonic clock: POSIX clock_gettime
26290:M 17 Aug 2023 10:38:49.134 # Sorry, the cluster configuration file nodes.conf is already used by a different Redis Cluster node. Please make sure that different nodes use different cluster configuration files.
27015:C 17 Aug 2023 10:39:46.950 # oO0OoO0OoO0Oo Redis is starting oO0OoO0OoO0Oo
27015:C 17 Aug 2023 10:39:46.951 # Redis version=7.0.12, bits=64, commit=00000000, modified=0, pid=27015, just started
27015:C 17 Aug 2023 10:39:46.951 # Configuration loaded
27015:M 17 Aug 2023 10:39:46.952 * Increased maximum number of open files to 10032 (it was originally set to 256).
27015:M 17 Aug 2023 10:39:46.952 * monotonic clock: POSIX clock_gettime
27015:M 17 Aug 2023 10:39:46.953 # Sorry, the cluster configuration file nodes.conf is already used by a different Redis Cluster node. Please make sure that different nodes use different cluster configuration files.
